TN:
SF:script/DeployNFTWallet.s.sol
DA:12,1
FN:12,DeployScript.run
FNDA:1,DeployScript.run
DA:13,1
DA:15,1
DA:18,1
DA:21,1
DA:22,1
BRDA:22,0,0,1
BRDA:22,0,1,-
DA:23,1
DA:24,1
DA:28,0
DA:29,0
DA:33,1
DA:34,1
DA:37,1
DA:38,1
DA:41,1
DA:42,1
DA:45,1
DA:46,1
DA:48,1
DA:54,1
DA:57,1
DA:58,1
DA:60,1
DA:63,1
DA:64,1
DA:65,1
DA:66,1
DA:67,1
DA:68,1
DA:69,1
DA:70,1
DA:71,1
DA:72,1
FNF:1
FNH:1
LF:33
LH:31
BRF:2
BRH:1
end_of_record
TN:
SF:src/NFTBoundValidator.sol
DA:25,5
FN:25,NFTBoundValidator.onlyFactory
FNDA:5,NFTBoundValidator.onlyFactory
DA:26,5
BRDA:26,0,0,2
DA:30,41
FN:30,NFTBoundValidator.setFactory
FNDA:41,NFTBoundValidator.setFactory
DA:31,41
BRDA:31,1,0,1
BRDA:31,1,1,40
DA:32,40
DA:35,5
FN:35,NFTBoundValidator.setWalletTokenId
FNDA:5,NFTBoundValidator.setWalletTokenId
DA:36,3
DA:39,4
FN:39,NFTBoundValidator.validateUserOp
FNDA:4,NFTBoundValidator.validateUserOp
DA:45,4
DA:48,4
DA:49,4
BRDA:49,2,0,4
DA:50,2
DA:51,2
BRDA:51,2,1,2
DA:52,2
DA:55,2
BRDA:55,3,0,-
DA:57,2
DA:61,2
DA:62,2
BRDA:62,4,0,1
BRDA:62,4,1,1
DA:63,1
DA:64,1
DA:66,1
DA:69,2
DA:70,2
BRDA:70,5,0,2
DA:71,2
DA:72,0
BRDA:72,5,1,-
DA:73,0
DA:76,2
BRDA:76,6,0,2
BRDA:76,6,1,-
DA:77,2
DA:79,0
DA:83,6
FN:83,NFTBoundValidator.isValidSignatureWithSender
FNDA:6,NFTBoundValidator.isValidSignatureWithSender
DA:89,6
DA:91,6
DA:92,6
BRDA:92,7,0,6
DA:93,5
DA:94,1
BRDA:94,7,1,1
DA:95,1
DA:98,5
DA:100,5
DA:102,5
DA:103,5
BRDA:103,9,0,5
DA:104,4
DA:105,1
BRDA:105,9,1,1
DA:106,1
DA:109,4
BRDA:109,10,0,2
BRDA:109,10,1,2
DA:110,2
DA:112,2
DA:116,23
FN:116,NFTBoundValidator.onInstall
FNDA:23,NFTBoundValidator.onInstall
DA:117,1
BRDA:117,11,0,1
DA:120,22
DA:121,22
DA:122,22
DA:125,2
FN:125,NFTBoundValidator.onUninstall
FNDA:2,NFTBoundValidator.onUninstall
DA:126,2
BRDA:126,12,0,1
DA:128,1
DA:129,1
DA:132,5
FN:132,NFTBoundValidator.isModuleType
FNDA:5,NFTBoundValidator.isModuleType
DA:133,5
DA:136,3
FN:136,NFTBoundValidator.isInitialized
FNDA:3,NFTBoundValidator.isInitialized
DA:137,3
DA:140,7
FN:140,NFTBoundValidator.recoverSigner
FNDA:7,NFTBoundValidator.recoverSigner
DA:141,7
FNF:10
FNH:10
LF:61
LH:58
BRF:20
BRH:17
end_of_record
TN:
SF:src/NFTWalletFactory.sol
DA:38,39
FN:38,NFTWalletFactory.constructor
FNDA:39,NFTWalletFactory.constructor
DA:44,39
DA:45,39
DA:46,39
DA:47,39
DA:48,39
DA:51,23
FN:51,NFTWalletFactory.mintWallet
FNDA:23,NFTWalletFactory.mintWallet
DA:52,23
BRDA:52,0,0,1
DA:54,22
DA:56,22
DA:59,22
DA:62,22
DA:71,22
DA:73,22
DA:75,22
DA:76,22
DA:78,22
DA:80,22
DA:83,1
FN:83,NFTWalletFactory.getWalletAddress
FNDA:1,NFTWalletFactory.getWalletAddress
DA:85,1
DA:88,1
DA:97,1
DA:98,1
DA:101,1
FN:101,NFTWalletFactory.kernelFactory
FNDA:1,NFTWalletFactory.kernelFactory
DA:102,1
DA:105,1
FN:105,NFTWalletFactory.name
FNDA:1,NFTWalletFactory.name
DA:106,1
DA:109,1
FN:109,NFTWalletFactory.symbol
FNDA:1,NFTWalletFactory.symbol
DA:110,1
DA:113,6
FN:113,NFTWalletFactory.tokenURI
FNDA:6,NFTWalletFactory.tokenURI
DA:114,6
BRDA:114,1,0,1
DA:116,5
DA:117,5
BRDA:117,2,0,-
DA:118,0
DA:121,5
DA:122,5
DA:123,5
DA:125,5
DA:145,5
DA:151,5
FN:151,NFTWalletFactory.generateSVG
FNDA:5,NFTWalletFactory.generateSVG
DA:152,5
DA:153,5
BRDA:153,3,0,-
DA:154,0
DA:157,5
DA:158,5
DA:159,5
DA:165,5
DA:230,5
FN:230,NFTWalletFactory.formatEther
FNDA:5,NFTWalletFactory.formatEther
DA:231,5
DA:233,2
DA:234,2
DA:236,2
BRDA:236,5,0,1
DA:237,1
DA:240,1
DA:241,1
DA:244,5
FN:244,NFTWalletFactory.formatEtherForJson
FNDA:5,NFTWalletFactory.formatEtherForJson
DA:246,5
DA:249,10
FN:249,NFTWalletFactory.getNonce
FNDA:10,NFTWalletFactory.getNonce
DA:250,10
DA:254,10
DA:257,4
FN:257,NFTWalletFactory.setMintingFee
FNDA:4,NFTWalletFactory.setMintingFee
DA:258,2
DA:259,2
DA:262,3
FN:262,NFTWalletFactory.withdraw
FNDA:3,NFTWalletFactory.withdraw
DA:263,2
DA:266,1
FN:266,NFTWalletFactory.contractURI
FNDA:1,NFTWalletFactory.contractURI
DA:267,1
DA:278,1
DA:284,1
FN:284,NFTWalletFactory._getCollectionSvg
FNDA:1,NFTWalletFactory._getCollectionSvg
DA:285,1
DA:308,4
FN:308,NFTWalletFactory.supportsInterface
FNDA:4,NFTWalletFactory.supportsInterface
DA:309,4
FNF:16
FNH:16
LF:72
LH:70
BRF:5
BRH:3
end_of_record
